SF:lib/screens/list_detail/widgets/dialogs/enhanced_share_list_dialog.dart
DA:15,3
DA:21,3
DA:23,3
DA:32,3
DA:34,3
DA:38,3
DA:39,6
DA:42,9
DA:49,3
DA:50,3
DA:51,3
DA:53,9
DA:56,9
DA:57,3
DA:58,9
DA:61,3
DA:62,9
DA:68,1
DA:69,1
DA:71,1
DA:73,4
DA:75,1
DA:77,1
DA:78,1
DA:79,2
DA:80,3
DA:82,1
DA:83,4
DA:89,1
DA:90,1
DA:93,1
DA:95,1
DA:96,1
DA:97,1
DA:98,1
DA:99,4
DA:102,2
DA:103,1
DA:104,2
DA:105,1
DA:107,4
DA:117,3
DA:119,6
DA:120,3
DA:122,3
DA:123,3
DA:127,21
DA:132,9
DA:133,3
DA:135,3
DA:136,0
DA:137,3
DA:138,6
DA:142,4
DA:143,2
DA:146,1
DA:147,1
DA:149,1
DA:151,1
DA:152,1
DA:154,1
DA:157,1
DA:158,1
DA:159,1
DA:160,1
DA:161,0
DA:162,1
DA:170,0
DA:171,0
DA:173,3
DA:174,3
DA:177,3
DA:178,6
DA:179,3
DA:182,3
DA:187,3
DA:199,3
DA:200,2
DA:202,6
DA:207,3
DA:208,0
DA:209,0
DA:210,0
DA:218,3
DA:220,3
DA:221,3
DA:222,3
DA:225,3
DA:226,3
DA:227,12
DA:233,3
DA:234,3
DA:235,3
DA:238,3
DA:244,3
DA:246,3
DA:247,3
DA:248,3
DA:249,3
DA:251,3
DA:252,1
DA:254,1
DA:255,2
DA:256,1
DA:258,3
DA:267,3
DA:269,3
DA:271,9
DA:277,3
DA:278,3
DA:279,6
DA:282,3
DA:283,12
DA:285,3
LF:114
LH:107
end_of_record
SF:lib/models/shopping_list_model.dart
DA:30,3
DA:44,0
DA:45,0
DA:46,0
DA:47,0
DA:48,0
DA:49,0
DA:50,0
DA:51,0
DA:52,0
DA:53,0
DA:54,0
DA:55,0
DA:60,0
DA:61,0
DA:62,0
DA:63,0
DA:64,0
DA:65,0
DA:66,0
DA:67,0
DA:69,0
DA:70,0
DA:71,0
DA:72,0
DA:74,0
DA:75,0
DA:76,0
DA:77,0
DA:78,0
DA:80,0
DA:81,0
DA:82,0
DA:87,1
DA:97,1
DA:98,1
DA:99,1
DA:100,1
DA:101,1
DA:102,1
DA:103,1
DA:104,1
DA:105,1
DA:106,1
DA:107,1
DA:112,0
DA:113,0
DA:116,0
DA:119,0
DA:120,0
DA:121,0
DA:123,0
DA:127,0
DA:128,0
DA:131,0
DA:132,0
DA:133,0
DA:136,0
DA:137,0
DA:138,0
DA:142,0
DA:143,0
DA:144,0
DA:146,0
DA:149,0
DA:151,0
LF:66
LH:13
end_of_record
SF:lib/models/shopping_list_model.g.dart
DA:13,0
DA:15,0
DA:16,0
DA:17,0
DA:19,0
DA:20,0
DA:21,0
DA:22,0
DA:23,0
DA:24,0
DA:25,0
DA:26,0
DA:27,0
DA:28,0
DA:29,0
DA:33,0
DA:36,0
DA:37,0
DA:38,0
DA:39,0
DA:40,0
DA:41,0
DA:42,0
DA:43,0
DA:44,0
DA:45,0
DA:46,0
DA:47,0
DA:48,0
DA:49,0
DA:50,0
DA:51,0
DA:52,0
DA:53,0
DA:54,0
DA:55,0
DA:56,0
DA:59,0
DA:60,0
DA:62,0
DA:65,0
DA:66,0
DA:67,0
LF:43
LH:0
end_of_record
SF:lib/models/shopping_item_model.dart
DA:20,3
DA:30,0
DA:31,0
DA:32,0
DA:33,0
DA:34,0
DA:35,0
DA:36,0
DA:37,0
DA:42,0
DA:43,0
DA:44,0
DA:45,0
DA:46,0
DA:47,0
DA:48,0
DA:50,0
DA:51,0
DA:57,0
DA:64,0
DA:65,0
DA:66,0
DA:67,0
DA:68,0
DA:69,0
DA:70,0
DA:74,0
DA:76,0
LF:28
LH:1
end_of_record
SF:lib/models/shopping_item_model.g.dart
DA:13,0
DA:15,0
DA:16,0
DA:17,0
DA:19,0
DA:20,0
DA:21,0
DA:22,0
DA:23,0
DA:24,0
DA:25,0
DA:29,0
DA:32,0
DA:33,0
DA:34,0
DA:35,0
DA:36,0
DA:37,0
DA:38,0
DA:39,0
DA:40,0
DA:41,0
DA:42,0
DA:43,0
DA:44,0
DA:47,0
DA:48,0
DA:50,0
DA:53,0
DA:54,0
DA:55,0
LF:31
LH:0
end_of_record
SF:lib/models/list_member_model.g.dart
DA:13,0
DA:15,0
DA:16,0
DA:17,0
DA:19,0
DA:20,0
DA:21,0
DA:22,0
DA:23,0
DA:24,0
DA:25,0
DA:26,0
DA:27,0
DA:31,0
DA:34,0
DA:35,0
DA:36,0
DA:37,0
DA:38,0
DA:39,0
DA:40,0
DA:41,0
DA:42,0
DA:43,0
DA:44,0
DA:45,0
DA:46,0
DA:47,0
DA:48,0
DA:49,0
DA:50,0
DA:53,0
DA:54,0
DA:56,0
DA:59,0
DA:60,0
DA:61,0
DA:68,0
DA:70,0
DA:71,0
DA:73,0
DA:80,0
DA:83,0
DA:84,0
DA:86,0
DA:87,0
DA:92,0
DA:93,0
DA:95,0
DA:98,0
DA:99,0
DA:100,0
LF:52
LH:0
end_of_record
SF:lib/models/list_member_model.dart
DA:56,3
DA:68,0
DA:73,0
DA:74,0
DA:75,0
DA:76,0
DA:81,0
DA:82,0
DA:83,0
DA:84,0
DA:85,0
DA:90,0
DA:91,0
DA:93,0
DA:95,0
DA:98,0
DA:101,0
DA:106,0
DA:108,0
DA:109,0
DA:110,0
DA:113,0
DA:122,0
DA:123,0
DA:125,0
DA:130,0
DA:141,0
DA:142,0
DA:143,0
DA:144,0
DA:145,0
DA:146,0
DA:147,0
DA:148,0
DA:149,0
DA:150,0
DA:155,0
DA:156,0
DA:157,0
DA:158,0
DA:159,0
DA:162,0
DA:163,0
DA:164,0
DA:165,0
DA:166,0
DA:168,0
DA:169,0
DA:170,0
DA:175,0
DA:184,0
DA:185,0
DA:186,0
DA:187,0
DA:188,0
DA:189,0
DA:190,0
DA:191,0
DA:192,0
DA:197,0
DA:199,0
DA:201,0
DA:204,0
DA:207,0
DA:210,0
DA:211,0
DA:217,0
DA:219,0
DA:221,0
DA:227,0
DA:229,0
DA:231,0
DA:237,0
DA:239,0
DA:241,0
LF:75
LH:1
end_of_record
SF:lib/view_models/contact_suggestions_view_model.dart
DA:13,0
DA:20,2
DA:26,3
DA:31,1
DA:38,0
DA:44,0
DA:45,0
DA:46,0
DA:47,0
DA:51,2
DA:54,2
DA:55,6
DA:56,3
DA:57,0
DA:60,0
DA:61,0
DA:71,1
DA:74,5
DA:79,0
DA:80,0
DA:81,0
DA:86,3
DA:87,1
DA:88,1
DA:92,1
DA:97,4
DA:100,1
DA:101,1
DA:103,1
DA:105,1
DA:109,0
DA:111,0
DA:113,0
DA:114,0
DA:115,0
DA:117,0
DA:118,0
DA:124,0
DA:125,0
DA:129,0
DA:130,0
DA:132,0
DA:133,0
DA:134,0
DA:140,0
DA:141,0
DA:142,0
DA:152,6
DA:153,3
DA:158,0
DA:159,0
DA:163,0
DA:164,0
LF:53
LH:20
end_of_record
SF:lib/models/contact_suggestion_model.dart
DA:21,2
DA:31,1
DA:32,2
DA:34,2
DA:35,2
DA:36,2
DA:38,1
DA:39,1
DA:43,0
DA:44,0
DA:45,0
DA:46,0
DA:47,0
DA:48,0
DA:49,0
DA:54,0
DA:55,0
DA:56,0
DA:57,0
DA:58,0
DA:59,0
DA:60,0
DA:65,0
DA:72,0
DA:73,0
DA:74,0
DA:75,0
DA:76,0
DA:77,0
DA:81,0
DA:85,0
DA:86,0
DA:87,0
DA:88,0
DA:89,0
DA:90,0
DA:93,0
DA:95,0
DA:96,0
DA:97,0
DA:98,0
DA:99,0
DA:102,0
DA:104,0
LF:44
LH:8
end_of_record
SF:lib/view_models/auth_view_model.dart
DA:22,1
DA:34,0
DA:35,0
DA:44,1
DA:45,1
DA:46,1
DA:47,1
DA:48,1
DA:49,1
DA:50,1
DA:51,1
DA:52,1
DA:53,1
DA:58,0
DA:68,0
DA:69,0
DA:70,0
DA:71,0
DA:72,0
DA:73,0
DA:74,0
DA:75,0
DA:76,0
DA:80,1
DA:83,1
DA:84,3
DA:85,3
DA:86,3
DA:87,3
DA:88,3
DA:89,3
DA:90,3
DA:91,3
DA:92,3
DA:94,0
DA:96,0
DA:97,0
DA:98,0
DA:99,0
DA:100,0
DA:101,0
DA:102,0
DA:103,0
DA:105,0
DA:107,0
DA:108,0
DA:120,1
DA:123,1
DA:126,1
DA:129,3
DA:130,2
DA:137,1
DA:139,4
DA:143,2
DA:149,0
DA:151,0
DA:163,3
DA:168,0
DA:169,0
DA:172,0
DA:173,0
DA:176,0
DA:177,0
DA:180,4
DA:181,3
LF:65
LH:33
end_of_record
SF:lib/services/firebase_auth_service.dart
DA:8,0
DA:9,0
DA:12,1
DA:14,2
DA:21,1
DA:22,1
DA:23,2
DA:26,0
DA:31,1
DA:32,1
DA:33,1
DA:35,0
DA:39,1
DA:40,1
DA:41,2
DA:44,0
DA:45,0
DA:50,1
DA:51,1
DA:54,0
DA:55,0
DA:60,1
DA:61,1
DA:64,0
DA:67,1
DA:68,1
DA:71,0
DA:74,1
DA:75,1
DA:78,0
DA:82,0
DA:83,0
DA:88,0
DA:89,0
DA:92,0
DA:98,0
DA:99,0
DA:105,0
DA:109,0
DA:111,0
DA:115,0
DA:120,0
DA:122,0
DA:126,0
DA:127,0
DA:128,0
DA:129,0
DA:133,0
DA:134,0
DA:138,0
DA:144,0
DA:145,0
DA:150,0
DA:153,0
DA:155,0
DA:156,0
DA:159,0
DA:160,0
DA:162,0
DA:167,0
DA:168,0
DA:173,0
DA:176,0
DA:178,0
DA:181,0
DA:182,0
DA:185,0
DA:191,0
DA:192,0
DA:197,0
DA:198,0
DA:201,0
DA:207,0
DA:208,0
DA:211,0
DA:214,0
DA:221,0
DA:222,0
DA:225,0
LF:79
LH:19
end_of_record
SF:lib/services/firestore_service.dart
DA:12,0
DA:14,0
DA:15,0
DA:20,0
DA:22,0
DA:23,0
DA:27,0
DA:30,0
DA:32,0
DA:33,0
DA:42,0
DA:43,0
DA:49,0
DA:51,0
DA:56,0
DA:57,0
DA:60,0
DA:61,0
DA:64,0
DA:67,0
DA:68,0
DA:72,0
DA:76,0
DA:77,0
DA:78,0
DA:79,0
DA:80,0
DA:81,0
DA:82,0
DA:83,0
DA:84,0
DA:86,0
DA:87,0
DA:91,0
DA:96,0
DA:97,0
DA:103,0
DA:104,0
DA:105,0
DA:106,0
DA:107,0
DA:108,0
DA:109,0
DA:110,0
DA:111,0
DA:112,0
DA:113,0
DA:115,0
DA:116,0
DA:117,0
DA:118,0
DA:129,0
DA:130,0
DA:131,0
DA:132,0
DA:133,0
DA:134,0
DA:135,0
DA:136,0
DA:137,0
DA:138,0
DA:139,0
DA:142,0
DA:146,0
DA:147,0
DA:150,0
DA:152,0
DA:158,0
DA:159,0
DA:160,0
DA:161,0
DA:163,0
DA:164,0
DA:167,0
DA:170,0
DA:171,0
DA:175,0
DA:176,0
DA:177,0
DA:178,0
DA:179,0
DA:180,0
DA:181,0
DA:184,0
DA:185,0
DA:190,0
DA:191,0
DA:194,0
DA:197,0
DA:198,0
DA:200,0
DA:201,0
DA:202,0
DA:204,0
DA:206,0
DA:210,0
DA:214,0
DA:215,0
DA:222,0
DA:223,0
DA:224,0
DA:225,0
DA:228,0
DA:229,0
DA:230,0
DA:231,0
DA:232,0
DA:233,0
DA:234,0
DA:236,0
DA:237,0
DA:239,0
DA:241,0
DA:243,0
DA:244,0
DA:245,0
DA:246,0
DA:247,0
DA:249,0
DA:250,0
DA:252,0
DA:253,0
DA:257,0
DA:259,0
DA:263,0
DA:266,0
DA:268,0
DA:269,0
DA:276,0
DA:277,0
DA:278,0
DA:281,0
DA:282,0
DA:286,0
DA:289,0
DA:290,0
DA:295,0
DA:298,0
DA:299,0
DA:301,0
DA:302,0
DA:303,0
DA:305,0
DA:307,0
DA:308,0
DA:312,0
DA:313,0
DA:320,0
DA:321,0
DA:322,0
DA:323,0
DA:326,0
DA:327,0
DA:328,0
DA:329,0
DA:330,0
DA:331,0
DA:332,0
DA:334,0
DA:335,0
DA:336,0
DA:338,0
DA:340,0
DA:341,0
DA:342,0
DA:343,0
DA:344,0
DA:346,0
DA:348,0
DA:351,0
DA:353,0
DA:359,0
DA:365,0
DA:370,0
DA:371,0
DA:374,0
DA:375,0
DA:376,0
DA:378,0
DA:381,0
DA:387,0
DA:388,0
DA:394,0
DA:396,0
DA:401,0
DA:405,0
DA:408,0
DA:409,0
DA:413,0
DA:416,0
DA:419,0
DA:420,0
DA:423,0
DA:424,0
DA:428,0
DA:434,0
DA:438,0
DA:443,0
DA:444,0
DA:448,0
DA:449,0
DA:450,0
DA:457,0
DA:458,0
DA:460,0
DA:466,0
DA:467,0
DA:468,0
DA:474,0
DA:479,0
DA:480,0
DA:481,0
DA:482,0
DA:483,0
DA:484,0
DA:485,0
DA:486,0
DA:487,0
DA:488,0
DA:492,0
DA:493,0
DA:496,0
DA:498,0
DA:504,0
DA:511,0
DA:517,0
DA:522,0
DA:523,0
DA:526,0
DA:527,0
DA:529,0
DA:533,0
DA:536,0
DA:540,0
DA:541,0
DA:542,0
DA:543,0
DA:544,0
DA:547,0
DA:548,0
DA:553,0
DA:559,0
DA:560,0
DA:566,0
DA:571,0
DA:572,0
DA:573,0
DA:574,0
DA:575,0
DA:578,0
DA:579,0
DA:584,0
DA:590,0
DA:591,0
DA:597,0
DA:604,0
DA:605,0
DA:606,0
DA:607,0
DA:608,0
DA:610,0
DA:615,0
DA:617,0
DA:618,0
DA:622,0
DA:623,0
DA:626,0
DA:628,0
DA:629,0
DA:633,0
DA:639,0
DA:640,0
DA:641,0
DA:644,0
DA:645,0
DA:646,0
DA:647,0
DA:648,0
DA:649,0
DA:650,0
DA:651,0
DA:652,0
DA:653,0
DA:654,0
DA:655,0
DA:656,0
DA:658,0
DA:659,0
DA:661,0
DA:666,0
DA:667,0
DA:672,0
DA:673,0
DA:676,0
DA:681,0
DA:682,0
DA:689,0
DA:690,0
DA:691,0
DA:692,0
DA:694,0
DA:695,0
DA:698,0
DA:699,0
DA:700,0
DA:702,0
DA:704,0
DA:705,0
DA:709,0
DA:710,0
DA:711,0
DA:714,0
DA:715,0
DA:717,0
DA:718,0
DA:722,0
DA:723,0
DA:726,0
DA:729,0
DA:737,0
DA:738,0
DA:743,0
LF:322
LH:0
end_of_record
SF:lib/services/contact_suggestions_service.dart
DA:21,0
DA:25,0
DA:26,0
DA:27,0
DA:34,0
DA:37,0
DA:40,0
DA:42,0
DA:48,0
DA:52,0
DA:54,0
DA:65,0
DA:71,0
DA:74,0
DA:76,0
DA:80,0
DA:82,0
DA:87,0
DA:91,0
DA:93,0
DA:95,0
DA:96,0
DA:97,0
DA:101,0
DA:102,0
DA:103,0
DA:104,0
DA:105,0
DA:114,0
DA:115,0
DA:116,0
DA:120,0
DA:121,0
DA:125,0
DA:126,0
DA:136,0
DA:140,0
DA:142,0
DA:149,1
DA:152,2
LF:40
LH:2
end_of_record
SF:lib/services/permission_service.dart
DA:15,0
DA:17,0
DA:22,0
DA:26,0
DA:28,0
DA:32,0
DA:34,0
DA:38,0
DA:40,0
DA:44,0
DA:46,0
DA:50,0
DA:52,0
DA:56,0
DA:58,0
DA:62,0
DA:64,0
DA:70,0
DA:74,0
DA:80,0
DA:81,0
DA:90,0
DA:91,0
DA:93,0
DA:94,0
DA:95,0
DA:96,0
DA:98,0
DA:102,0
DA:111,0
DA:117,0
DA:122,0
DA:123,0
DA:124,0
DA:125,0
DA:126,0
DA:127,0
DA:128,0
DA:129,0
DA:130,0
DA:131,0
DA:132,0
DA:133,0
DA:134,0
DA:136,0
DA:149,0
DA:154,0
DA:160,0
DA:162,0
DA:164,0
DA:166,0
DA:168,0
DA:170,0
LF:53
LH:0
end_of_record
SF:lib/services/storage_service.dart
DA:15,0
DA:16,0
DA:30,0
DA:32,0
DA:33,0
DA:38,0
DA:41,0
DA:42,0
DA:43,0
DA:51,0
DA:52,0
DA:53,0
DA:56,0
DA:57,0
DA:59,0
DA:63,0
DA:70,0
DA:71,0
DA:72,0
DA:75,0
DA:77,0
DA:81,0
DA:88,0
DA:89,0
DA:90,0
DA:92,0
DA:97,0
DA:98,0
DA:99,0
DA:101,0
DA:106,0
DA:107,0
DA:108,0
DA:110,0
DA:119,0
DA:120,0
DA:121,0
DA:123,0
DA:128,0
DA:135,0
DA:136,0
DA:144,0
DA:155,0
DA:156,0
DA:157,0
DA:159,0
DA:164,0
DA:165,0
DA:166,0
DA:168,0
DA:177,0
DA:178,0
DA:179,0
DA:185,0
DA:187,0
DA:189,0
DA:192,0
DA:194,0
DA:195,0
DA:196,0
DA:197,0
DA:201,0
DA:202,0
DA:203,0
DA:206,0
DA:207,0
DA:217,0
DA:218,0
DA:219,0
DA:220,0
DA:223,0
DA:224,0
DA:229,0
DA:230,0
DA:232,0
DA:233,0
DA:234,0
DA:237,0
DA:241,0
DA:242,0
DA:243,0
DA:247,0
DA:248,0
DA:249,0
DA:251,0
DA:260,0
DA:263,0
DA:266,0
DA:268,0
DA:269,0
DA:274,0
DA:276,0
DA:277,0
DA:279,0
DA:285,0
DA:286,0
DA:287,0
DA:291,0
DA:292,0
DA:295,0
DA:296,0
DA:300,0
DA:301,0
DA:302,0
DA:303,0
DA:308,0
DA:309,0
DA:313,0
DA:317,0
DA:319,0
DA:321,0
DA:323,0
DA:325,0
DA:327,0
DA:330,0
DA:334,0
DA:335,0
DA:340,0
DA:341,0
DA:344,0
DA:345,0
DA:347,0
DA:353,0
DA:354,0
DA:355,0
DA:359,0
DA:360,0
DA:361,0
DA:363,0
DA:371,0
DA:373,0
DA:376,0
DA:378,0
DA:381,0
DA:383,0
DA:386,0
DA:388,0
DA:391,0
DA:396,0
DA:399,0
DA:407,0
DA:416,0
DA:421,0
DA:424,0
DA:426,0
DA:429,0
DA:431,0
DA:434,0
DA:436,0
DA:440,0
DA:442,0
DA:444,0
LF:152
LH:0
end_of_record
SF:lib/repositories/storage_shopping_repository.dart
DA:15,0
DA:18,0
DA:19,0
DA:25,0
DA:27,0
DA:30,0
DA:32,0
DA:35,0
DA:37,0
DA:40,0
DA:42,0
DA:45,0
DA:47,0
DA:54,0
DA:56,0
DA:59,0
DA:67,0
DA:76,0
DA:78,0
DA:81,0
DA:83,0
DA:90,0
DA:92,0
DA:99,0
DA:101,0
DA:104,0
DA:106,0
DA:109,0
DA:111,0
DA:118,0
DA:120,0
DA:123,0
LF:32
LH:0
end_of_record
SF:lib/services/firestore_layer.dart
DA:12,0
DA:14,0
DA:15,0
DA:24,0
DA:26,0
DA:29,0
DA:35,0
DA:37,0
DA:38,0
DA:39,0
DA:40,0
DA:41,0
DA:45,0
DA:51,0
DA:53,0
DA:56,0
DA:62,0
DA:64,0
DA:66,0
DA:67,0
DA:72,0
DA:74,0
DA:76,0
DA:77,0
DA:86,0
DA:88,0
DA:91,0
DA:97,0
DA:105,0
DA:113,0
DA:119,0
DA:121,0
DA:123,0
DA:129,0
DA:131,0
DA:133,0
DA:143,0
DA:145,0
DA:147,0
DA:157,0
DA:163,0
DA:169,0
LF:42
LH:0
end_of_record
SF:lib/services/local_storage_service.dart
DA:19,0
DA:25,0
DA:26,0
DA:31,0
DA:33,0
DA:35,0
DA:39,0
DA:40,0
DA:42,0
DA:43,0
DA:46,0
DA:47,0
DA:55,0
DA:58,0
DA:59,0
DA:60,0
DA:62,0
DA:63,0
DA:67,0
DA:73,0
DA:75,0
DA:76,0
DA:78,0
DA:79,0
DA:83,0
DA:89,0
DA:90,0
DA:92,0
DA:93,0
DA:98,0
DA:99,0
DA:100,0
DA:105,0
DA:107,0
DA:108,0
DA:109,0
DA:113,0
DA:117,0
DA:119,0
DA:124,0
DA:126,0
DA:127,0
DA:131,0
DA:132,0
DA:133,0
DA:134,0
DA:139,0
DA:140,0
DA:144,0
DA:152,0
DA:153,0
DA:155,0
DA:160,0
DA:161,0
DA:163,0
DA:167,0
DA:168,0
DA:169,0
DA:171,0
DA:172,0
DA:176,0
DA:182,0
DA:189,0
DA:191,0
DA:196,0
DA:197,0
DA:198,0
DA:202,0
DA:203,0
DA:205,0
DA:209,0
DA:210,0
DA:213,0
DA:215,0
DA:219,0
DA:220,0
DA:221,0
DA:223,0
DA:224,0
DA:228,0
DA:234,0
DA:235,0
DA:237,0
DA:243,0
DA:245,0
DA:250,0
DA:251,0
DA:253,0
DA:257,0
DA:258,0
DA:259,0
DA:261,0
DA:262,0
DA:266,0
DA:272,0
DA:273,0
DA:275,0
DA:281,0
DA:283,0
DA:285,0
DA:287,0
DA:291,0
DA:292,0
DA:293,0
DA:294,0
DA:297,0
DA:298,0
DA:302,0
DA:312,0
DA:314,0
DA:315,0
DA:317,0
DA:319,0
DA:320,0
DA:323,0
DA:328,0
DA:329,0
DA:330,0
DA:331,0
DA:333,0
DA:337,0
DA:338,0
DA:339,0
DA:343,0
DA:344,0
DA:352,0
DA:353,0
DA:354,0
DA:355,0
DA:359,0
DA:360,0
DA:366,0
DA:367,0
DA:368,0
DA:371,0
DA:375,0
DA:376,0
DA:377,0
DA:378,0
DA:382,0
DA:386,0
DA:387,0
DA:388,0
DA:395,0
DA:396,0
DA:399,0
DA:400,0
DA:403,0
DA:404,0
DA:408,0
DA:409,0
LF:151
LH:0
end_of_record
